2022/07/21 19:30:09 Connected to:  20.116.110.76
2022/07/21 19:30:09 client: handshake:  true
2022/07/21 19:30:11 Client-Server-Intro=ok
2022/07/21 19:30:15 
EXECUTE:
 ls
2022/07/21 19:30:17 
RES:
 basic
certs
cmd
config
go.mod
go.sum
gs
LICENSE
logs
main.go
scripts
template

2022/07/21 19:30:18 
EXECUTE:
 uname -a
2022/07/21 19:30:19 
RES:
 Linux MSI 5.10.16.3-microsoft-standard-WSL2 #1 SMP Fri Apr 2 22:23:49 UTC 2021 x86_64 GNU/Linux

2022/07/21 19:30:20 
EXECUTE:
 whoami
2022/07/21 19:30:21 
RES:
 arorasoham9

2022/07/21 19:30:22 All commands ran successfully. Returning exit success.
